  Beam.cpp
H:\SFML projects\Not mine\Raycast\src\Point.h(10,20): warning C4244: 'return': conversion from 'double' to 'float', possible loss of data
H:\SFML projects\Not mine\Raycast\src\Point.h(14,20): warning C4244: 'return': conversion from 'double' to 'float', possible loss of data
  Line.cpp
H:\SFML projects\Not mine\Raycast\src\Point.h(10,20): warning C4244: 'return': conversion from 'double' to 'float', possible loss of data
H:\SFML projects\Not mine\Raycast\src\Point.h(14,20): warning C4244: 'return': conversion from 'double' to 'float', possible loss of data
H:\SFML projects\Not mine\Raycast\src\Line.cpp(8,70): warning C4244: 'argument': conversion from 'int' to 'T', possible loss of data
          with
          [
              T=float
          ]
H:\SFML projects\Not mine\Raycast\src\Line.cpp(8,29): warning C4244: 'argument': conversion from 'double' to 'T', possible loss of data
          with
          [
              T=float
          ]
H:\SFML projects\Not mine\Raycast\src\Line.cpp(7,22): warning C4244: 'argument': conversion from 'int' to 'float', possible loss of data
H:\SFML projects\Not mine\Raycast\src\Line.cpp(7,18): warning C4244: 'argument': conversion from 'int' to 'float', possible loss of data
H:\SFML projects\Not mine\Raycast\src\Line.cpp(7,43): warning C4244: 'argument': conversion from 'int' to 'float', possible loss of data
H:\SFML projects\Not mine\Raycast\src\Line.cpp(7,39): warning C4244: 'argument': conversion from 'int' to 'float', possible loss of data
H:\SFML projects\Not mine\Raycast\src\Line.cpp(16,79): warning C4244: 'argument': conversion from 'int' to 'T', possible loss of data
          with
          [
              T=float
          ]
H:\SFML projects\Not mine\Raycast\src\Line.cpp(16,31): warning C4244: 'argument': conversion from 'double' to 'T', possible loss of data
          with
          [
              T=float
          ]
H:\SFML projects\Not mine\Raycast\src\Line.cpp(15,22): warning C4244: 'argument': conversion from 'int' to 'float', possible loss of data
H:\SFML projects\Not mine\Raycast\src\Line.cpp(15,18): warning C4244: 'argument': conversion from 'int' to 'float', possible loss of data
H:\SFML projects\Not mine\Raycast\src\Line.cpp(40,37): warning C4244: 'argument': conversion from 'int' to 'float', possible loss of data
H:\SFML projects\Not mine\Raycast\src\Line.cpp(52,98): warning C4244: '=': conversion from 'double' to 'float', possible loss of data
H:\SFML projects\Not mine\Raycast\src\Line.cpp(58,34): warning C4244: '=': conversion from 'double' to 'T', possible loss of data
          with
          [
              T=float
          ]
H:\SFML projects\Not mine\Raycast\src\Line.cpp(59,34): warning C4244: '=': conversion from 'double' to 'T', possible loss of data
          with
          [
              T=float
          ]
H:\SFML projects\Not mine\Raycast\src\Line.cpp(60,41): warning C4244: 'argument': conversion from 'int' to 'T', possible loss of data
          with
          [
              T=float
          ]
H:\SFML projects\Not mine\Raycast\src\Line.cpp(72,18): warning C4244: 'initializing': conversion from 'double' to 'float', possible loss of data
H:\SFML projects\Not mine\Raycast\src\Line.cpp(73,34): warning C4244: '=': conversion from 'double' to 'T', possible loss of data
          with
          [
              T=float
          ]
H:\SFML projects\Not mine\Raycast\src\Line.cpp(74,34): warning C4244: '=': conversion from 'double' to 'T', possible loss of data
          with
          [
              T=float
          ]
H:\SFML projects\Not mine\Raycast\src\Line.cpp(79,38): warning C4305: 'initializing': truncation from 'double' to 'float'
  main.cpp
H:\SFML projects\Not mine\Raycast\src\Point.h(10,20): warning C4244: 'return': conversion from 'double' to 'float', possible loss of data
H:\SFML projects\Not mine\Raycast\src\Point.h(14,20): warning C4244: 'return': conversion from 'double' to 'float', possible loss of data
  Source.cpp
H:\SFML projects\Not mine\Raycast\src\Point.h(10,20): warning C4244: 'return': conversion from 'double' to 'float', possible loss of data
H:\SFML projects\Not mine\Raycast\src\Point.h(14,20): warning C4244: 'return': conversion from 'double' to 'float', possible loss of data
H:\SFML projects\Not mine\Raycast\src\Source.cpp(3,58): warning C4244: 'argument': conversion from 'int' to 'float', possible loss of data
H:\SFML projects\Not mine\Raycast\src\Source.cpp(3,55): warning C4244: 'argument': conversion from 'int' to 'float', possible loss of data
  Wall.cpp
H:\SFML projects\Not mine\Raycast\src\Point.h(10,20): warning C4244: 'return': conversion from 'double' to 'float', possible loss of data
H:\SFML projects\Not mine\Raycast\src\Point.h(14,20): warning C4244: 'return': conversion from 'double' to 'float', possible loss of data
  Generating code
  Previous IPDB not found, fall back to full compilation.
  All 198 functions were compiled because no usable IPDB/IOBJ from previous compilation was found.
  Finished generating code
  Raycast.vcxproj -> H:\SFML projects\Not mine\Raycast\x64\Release\Raycast.exe
